<?xml version="1.0" encoding="UTF-8"?>
<!-- Generated by org.testng.reporters.JUnitXMLReporter -->
<testsuite hostname="LAPTOP-015GC0K1" ignored="0" name="Groot Test Cases" tests="9" failures="0" timestamp="22 Mar 2021 19:41:37 GMT" time="162.59" errors="0">
  <testcase name="LaunchBroswer" time="10.281" classname="com.groot.suite1.Testcases.TC001_HomeSection"/>
  <testcase name="ServicesSection" time="10.455" classname="com.groot.suite1.Testcases.TC002_ServicesSection"/>
  <testcase name="OpenSourceSection" time="14.579" classname="com.groot.suite1.Testcases.TC03_OpenSource"/>
  <testcase name="BlogSection" time="11.406" classname="com.groot.suite1.Testcases.TC04_Blog"/>
  <testcase name="ServicesSection" time="20.177" classname="com.groot.suite1.Testcases.TC05_Team"/>
  <testcase name="CareersSection" time="5.746" classname="com.groot.suite1.Testcases.TC06_Careers"/>
  <testcase name="CareersSection" time="11.252" classname="com.groot.suite1.Testcases.TC07_ContactUS"/>
  <testcase name="findTE" time="2.113" classname="com.groot.suite1.Testcases.TC08_TestEngineer"/>
  <testcase name="CompareImage" time="5.708" classname="com.groot.suite1.Testcases.TC09_Compare_CTO_HR"/>
</testsuite> <!-- Groot Test Cases -->
