<?xml version="1.0" encoding="UTF-8"?>
<testng-results skipped="0" failed="1" ignored="0" total="1" passed="0">
  <reporter-output>
  </reporter-output>
  <suite name="Default suite" duration-ms="9342" started-at="2021-03-22T20:53:29Z" finished-at="2021-03-22T20:53:38Z">
    <groups>
    </groups>
    <test name="Default test" duration-ms="9342" started-at="2021-03-22T20:53:29Z" finished-at="2021-03-22T20:53:38Z">
      <class name="com.groot.compareTC.TC04_Blog">
        <test-method status="PASS" signature="beforeSuite()[pri:0, instance:com.groot.compareTC.TC04_Blog@5b275dab]" name="beforeSuite" is-config="true" duration-ms="8240" started-at="2021-03-23T02:23:29Z" finished-at="2021-03-23T02:23:37Z">
          <reporter-output>
          </reporter-output>
        </test-method> <!-- beforeSuite -->
        <test-method status="FAIL" signature="HomeImage_compare()[pri:0, instance:com.groot.compareTC.TC04_Blog@5b275dab]" name="HomeImage_compare" duration-ms="53" started-at="2021-03-23T02:23:37Z" description="Comparing the screenshots of First suite and Second Suite" finished-at="2021-03-23T02:23:37Z">
          <exception class="javax.imageio.IIOException">
            <message>
              <![CDATA[Can't read input file!]]>
            </message>
            <full-stacktrace>
              <![CDATA[javax.imageio.IIOException: Can't read input file!
	at javax.imageio.ImageIO.read(ImageIO.java:1301)
	at com.groot.compareTC.TC04_Blog.HomeImage_compare(TC04_Blog.java:21)
	at sun.reflect.NativeMethodAccessorImpl.invoke0(Native Method)
	at sun.reflect.NativeMethodAccessorImpl.invoke(NativeMethodAccessorImpl.java:62)
	at sun.reflect.DelegatingMethodAccessorImpl.invoke(DelegatingMethodAccessorImpl.java:43)
	at java.lang.reflect.Method.invoke(Method.java:498)
	at org.testng.internal.MethodInvocationHelper.invokeMethod(MethodInvocationHelper.java:108)
	at org.testng.internal.Invoker.invokeMethod(Invoker.java:661)
	at org.testng.internal.Invoker.invokeTestMethod(Invoker.java:869)
	at org.testng.internal.Invoker.invokeTestMethods(Invoker.java:1193)
	at org.testng.internal.TestMethodWorker.invokeTestMethods(TestMethodWorker.java:126)
	at org.testng.internal.TestMethodWorker.run(TestMethodWorker.java:109)
	at org.testng.TestRunner.privateRun(TestRunner.java:744)
	at org.testng.TestRunner.run(TestRunner.java:602)
	at org.testng.SuiteRunner.runTest(SuiteRunner.java:380)
	at org.testng.SuiteRunner.runSequentially(SuiteRunner.java:375)
	at org.testng.SuiteRunner.privateRun(SuiteRunner.java:340)
	at org.testng.SuiteRunner.run(SuiteRunner.java:289)
	at org.testng.SuiteRunnerWorker.runSuite(SuiteRunnerWorker.java:52)
	at org.testng.SuiteRunnerWorker.run(SuiteRunnerWorker.java:86)
	at org.testng.TestNG.runSuitesSequentially(TestNG.java:1301)
	at org.testng.TestNG.runSuitesLocally(TestNG.java:1226)
	at org.testng.TestNG.runSuites(TestNG.java:1144)
	at org.testng.TestNG.run(TestNG.java:1115)
	at org.testng.remote.AbstractRemoteTestNG.run(AbstractRemoteTestNG.java:132)
	at org.testng.remote.RemoteTestNG.initAndRun(RemoteTestNG.java:230)
	at org.testng.remote.RemoteTestNG.main(RemoteTestNG.java:76)
]]>
            </full-stacktrace>
          </exception> <!-- javax.imageio.IIOException -->
          <reporter-output>
          </reporter-output>
        </test-method> <!-- HomeImage_compare -->
        <test-method status="PASS" signature="afterSuite()[pri:0, instance:com.groot.compareTC.TC04_Blog@5b275dab]" name="afterSuite" is-config="true" duration-ms="1003" started-at="2021-03-23T02:23:37Z" finished-at="2021-03-23T02:23:38Z">
          <reporter-output>
          </reporter-output>
        </test-method> <!-- afterSuite -->
      </class> <!-- com.groot.compareTC.TC04_Blog -->
    </test> <!-- Default test -->
  </suite> <!-- Default suite -->
</testng-results>
